<?xml version="1.0" encoding="UTF-8"?>
<testsuite xmlns:xsi="http://www.w3.org/2001/XMLSchema-instance" xsi:noNamespaceSchemaLocation="https://maven.apache.org/surefire/maven-surefire-plugin/xsd/surefire-test-report.xsd" name="com.itheima.test.MybatisTest" time="1.134" tests="16" errors="16" skipped="0" failures="0">
  <properties>
[...]
</properties>
  <testcase name="testUpdate" classname="com.itheima.test.MybatisTest" time="0.751">
    <error message="&#10;### Error building SqlSession.&#10;### The error may exist in SQL Mapper Configuration&#10;### Cause: org.apache.ibatis.builder.BuilderException: Error parsing SQL Mapper Configuration. Cause: org.apache.ibatis.datasource.DataSourceException: There was an error configuring JndiDataSourceTransactionPool. Cause: javax.naming.NoInitialContextException: Need to specify class name in environment or system property, or as an applet parameter, or in an application resource file:  java.naming.factory.initial" type="org.apache.ibatis.exceptions.PersistenceException">org.apache.ibatis.exceptions.PersistenceException: 

### Error building SqlSession.
### The error may exist in SQL Mapper Configuration
### Cause: org.apache.ibatis.builder.BuilderException: Error parsing SQL Mapper Configuration. Cause: org.apache.ibatis.datasource.DataSourceException: There was an error configuring JndiDataSourceTransactionPool. Cause: javax.naming.NoInitialContextException: Need to specify class name in environment or system property, or as an applet parameter, or in an application resource file:  java.naming.factory.initial
	at com.itheima.test.MybatisTest.init(MybatisTest.java:35)
Caused by: org.apache.ibatis.builder.BuilderException: Error parsing SQL Mapper Configuration. Cause: org.apache.ibatis.datasource.DataSourceException: There was an error configuring JndiDataSourceTransactionPool. Cause: javax.naming.NoInitialContextException: Need to specify class name in environment or system property, or as an applet parameter, or in an application resource file:  java.naming.factory.initial
	at com.itheima.test.MybatisTest.init(MybatisTest.java:35)
Caused by: org.apache.ibatis.datasource.DataSourceException: There was an error configuring JndiDataSourceTransactionPool. Cause: javax.naming.NoInitialContextException: Need to specify class name in environment or system property, or as an applet parameter, or in an application resource file:  java.naming.factory.initial
	at com.itheima.test.MybatisTest.init(MybatisTest.java:35)
Caused by: javax.naming.NoInitialContextException: Need to specify class name in environment or system property, or as an applet parameter, or in an application resource file:  java.naming.factory.initial
	at com.itheima.test.MybatisTest.init(MybatisTest.java:35)
</error>
    <system-out><![CDATA[2020-01-09 15:10:18,946 0      [           main] DEBUG ache.ibatis.logging.LogFactory  - Logging initialized using 'class org.apache.ibatis.logging.log4j.Log4jImpl' adapter.
2020-01-09 15:10:19,154 208    [           main] DEBUG       org.apache.ibatis.io.VFS  - Class not found: org.jboss.vfs.VFS
2020-01-09 15:10:19,154 208    [           main] DEBUG org.apache.ibatis.io.JBoss6VFS  - JBoss 6 VFS API is not available in this environment.
2020-01-09 15:10:19,155 209    [           main] DEBUG       org.apache.ibatis.io.VFS  - Class not found: org.jboss.vfs.VirtualFile
2020-01-09 15:10:19,157 211    [           main] DEBUG       org.apache.ibatis.io.VFS  - VFS implementation org.apache.ibatis.io.JBoss6VFS is not valid in this environment.
2020-01-09 15:10:19,159 213    [           main] DEBUG       org.apache.ibatis.io.VFS  - Using VFS adapter org.apache.ibatis.io.DefaultVFS
2020-01-09 15:10:19,160 214    [           main] DEBUG rg.apache.ibatis.io.DefaultVFS  - Find JAR URL: file:/D:/Intellij_IDEA/start_mybatis/day03_eesy_05JNDI/target/classes/com/itheima/domain
2020-01-09 15:10:19,160 214    [           main] DEBUG rg.apache.ibatis.io.DefaultVFS  - Not a JAR: file:/D:/Intellij_IDEA/start_mybatis/day03_eesy_05JNDI/target/classes/com/itheima/domain
2020-01-09 15:10:19,270 324    [           main] DEBUG rg.apache.ibatis.io.DefaultVFS  - Reader entry: QueryVo.class
2020-01-09 15:10:19,271 325    [           main] DEBUG rg.apache.ibatis.io.DefaultVFS  - Reader entry: User.class
2020-01-09 15:10:19,272 326    [           main] DEBUG rg.apache.ibatis.io.DefaultVFS  - Listing file:/D:/Intellij_IDEA/start_mybatis/day03_eesy_05JNDI/target/classes/com/itheima/domain
2020-01-09 15:10:19,274 328    [           main] DEBUG rg.apache.ibatis.io.DefaultVFS  - Find JAR URL: file:/D:/Intellij_IDEA/start_mybatis/day03_eesy_05JNDI/target/classes/com/itheima/domain/QueryVo.class
2020-01-09 15:10:19,276 330    [           main] DEBUG rg.apache.ibatis.io.DefaultVFS  - Not a JAR: file:/D:/Intellij_IDEA/start_mybatis/day03_eesy_05JNDI/target/classes/com/itheima/domain/QueryVo.class
2020-01-09 15:10:19,279 333    [           main] DEBUG rg.apache.ibatis.io.DefaultVFS  - Reader entry: 漱壕&amp#0;&amp#0;&amp#0;3&amp#0;&amp#24;
2020-01-09 15:10:19,280 334    [           main] DEBUG rg.apache.ibatis.io.DefaultVFS  - Find JAR URL: file:/D:/Intellij_IDEA/start_mybatis/day03_eesy_05JNDI/target/classes/com/itheima/domain/User.class
2020-01-09 15:10:19,280 334    [           main] DEBUG rg.apache.ibatis.io.DefaultVFS  - Not a JAR: file:/D:/Intellij_IDEA/start_mybatis/day03_eesy_05JNDI/target/classes/com/itheima/domain/User.class
2020-01-09 15:10:19,283 337    [           main] DEBUG rg.apache.ibatis.io.DefaultVFS  - Reader entry: 漱壕&amp#0;&amp#0;&amp#0;3&amp#0;N
2020-01-09 15:10:19,284 338    [           main] DEBUG .apache.ibatis.io.ResolverUtil  - Checking to see if class com.itheima.domain.QueryVo matches criteria [is assignable to Object]
2020-01-09 15:10:19,286 340    [           main] DEBUG .apache.ibatis.io.ResolverUtil  - Checking to see if class com.itheima.domain.User matches criteria [is assignable to Object]
]]></system-out>
  </testcase>
  <testcase name="testUpdate" classname="com.itheima.test.MybatisTest" time="0.753">
    <error type="java.lang.NullPointerException">java.lang.NullPointerException
	at com.itheima.test.MybatisTest.destroy(MybatisTest.java:47)
</error>
  </testcase>
  <testcase name="testFindTotal" classname="com.itheima.test.MybatisTest" time="0.053">
    <error message="&#10;### Error building SqlSession.&#10;### The error may exist in SQL Mapper Configuration&#10;### Cause: org.apache.ibatis.builder.BuilderException: Error parsing SQL Mapper Configuration. Cause: org.apache.ibatis.datasource.DataSourceException: There was an error configuring JndiDataSourceTransactionPool. Cause: javax.naming.NoInitialContextException: Need to specify class name in environment or system property, or as an applet parameter, or in an application resource file:  java.naming.factory.initial" type="org.apache.ibatis.exceptions.PersistenceException">org.apache.ibatis.exceptions.PersistenceException: 

### Error building SqlSession.
### The error may exist in SQL Mapper Configuration
### Cause: org.apache.ibatis.builder.BuilderException: Error parsing SQL Mapper Configuration. Cause: org.apache.ibatis.datasource.DataSourceException: There was an error configuring JndiDataSourceTransactionPool. Cause: javax.naming.NoInitialContextException: Need to specify class name in environment or system property, or as an applet parameter, or in an application resource file:  java.naming.factory.initial
	at com.itheima.test.MybatisTest.init(MybatisTest.java:35)
Caused by: org.apache.ibatis.builder.BuilderException: Error parsing SQL Mapper Configuration. Cause: org.apache.ibatis.datasource.DataSourceException: There was an error configuring JndiDataSourceTransactionPool. Cause: javax.naming.NoInitialContextException: Need to specify class name in environment or system property, or as an applet parameter, or in an application resource file:  java.naming.factory.initial
	at com.itheima.test.MybatisTest.init(MybatisTest.java:35)
Caused by: org.apache.ibatis.datasource.DataSourceException: There was an error configuring JndiDataSourceTransactionPool. Cause: javax.naming.NoInitialContextException: Need to specify class name in environment or system property, or as an applet parameter, or in an application resource file:  java.naming.factory.initial
	at com.itheima.test.MybatisTest.init(MybatisTest.java:35)
Caused by: javax.naming.NoInitialContextException: Need to specify class name in environment or system property, or as an applet parameter, or in an application resource file:  java.naming.factory.initial
	at com.itheima.test.MybatisTest.init(MybatisTest.java:35)
</error>
    <system-out><![CDATA[2020-01-09 15:10:19,354 408    [           main] DEBUG rg.apache.ibatis.io.DefaultVFS  - Find JAR URL: file:/D:/Intellij_IDEA/start_mybatis/day03_eesy_05JNDI/target/classes/com/itheima/domain
2020-01-09 15:10:19,355 409    [           main] DEBUG rg.apache.ibatis.io.DefaultVFS  - Not a JAR: file:/D:/Intellij_IDEA/start_mybatis/day03_eesy_05JNDI/target/classes/com/itheima/domain
2020-01-09 15:10:19,356 410    [           main] DEBUG rg.apache.ibatis.io.DefaultVFS  - Reader entry: QueryVo.class
2020-01-09 15:10:19,357 411    [           main] DEBUG rg.apache.ibatis.io.DefaultVFS  - Reader entry: User.class
2020-01-09 15:10:19,358 412    [           main] DEBUG rg.apache.ibatis.io.DefaultVFS  - Listing file:/D:/Intellij_IDEA/start_mybatis/day03_eesy_05JNDI/target/classes/com/itheima/domain
2020-01-09 15:10:19,359 413    [           main] DEBUG rg.apache.ibatis.io.DefaultVFS  - Find JAR URL: file:/D:/Intellij_IDEA/start_mybatis/day03_eesy_05JNDI/target/classes/com/itheima/domain/QueryVo.class
2020-01-09 15:10:19,360 414    [           main] DEBUG rg.apache.ibatis.io.DefaultVFS  - Not a JAR: file:/D:/Intellij_IDEA/start_mybatis/day03_eesy_05JNDI/target/classes/com/itheima/domain/QueryVo.class
2020-01-09 15:10:19,362 416    [           main] DEBUG rg.apache.ibatis.io.DefaultVFS  - Reader entry: 漱壕&amp#0;&amp#0;&amp#0;3&amp#0;&amp#24;
2020-01-09 15:10:19,367 421    [           main] DEBUG rg.apache.ibatis.io.DefaultVFS  - Find JAR URL: file:/D:/Intellij_IDEA/start_mybatis/day03_eesy_05JNDI/target/classes/com/itheima/domain/User.class
2020-01-09 15:10:19,368 422    [           main] DEBUG rg.apache.ibatis.io.DefaultVFS  - Not a JAR: file:/D:/Intellij_IDEA/start_mybatis/day03_eesy_05JNDI/target/classes/com/itheima/domain/User.class
2020-01-09 15:10:19,372 426    [           main] DEBUG rg.apache.ibatis.io.DefaultVFS  - Reader entry: 漱壕&amp#0;&amp#0;&amp#0;3&amp#0;N
2020-01-09 15:10:19,373 427    [           main] DEBUG .apache.ibatis.io.ResolverUtil  - Checking to see if class com.itheima.domain.QueryVo matches criteria [is assignable to Object]
2020-01-09 15:10:19,373 427    [           main] DEBUG .apache.ibatis.io.ResolverUtil  - Checking to see if class com.itheima.domain.User matches criteria [is assignable to Object]
]]></system-out>
  </testcase>
  <testcase name="testFindTotal" classname="com.itheima.test.MybatisTest" time="0.053">
    <error type="java.lang.NullPointerException">java.lang.NullPointerException
	at com.itheima.test.MybatisTest.destroy(MybatisTest.java:47)
</error>
  </testcase>
  <testcase name="testFindByVo" classname="com.itheima.test.MybatisTest" time="0.044">
    <error message="&#10;### Error building SqlSession.&#10;### The error may exist in SQL Mapper Configuration&#10;### Cause: org.apache.ibatis.builder.BuilderException: Error parsing SQL Mapper Configuration. Cause: org.apache.ibatis.datasource.DataSourceException: There was an error configuring JndiDataSourceTransactionPool. Cause: javax.naming.NoInitialContextException: Need to specify class name in environment or system property, or as an applet parameter, or in an application resource file:  java.naming.factory.initial" type="org.apache.ibatis.exceptions.PersistenceException">org.apache.ibatis.exceptions.PersistenceException: 

### Error building SqlSession.
### The error may exist in SQL Mapper Configuration
### Cause: org.apache.ibatis.builder.BuilderException: Error parsing SQL Mapper Configuration. Cause: org.apache.ibatis.datasource.DataSourceException: There was an error configuring JndiDataSourceTransactionPool. Cause: javax.naming.NoInitialContextException: Need to specify class name in environment or system property, or as an applet parameter, or in an application resource file:  java.naming.factory.initial
	at com.itheima.test.MybatisTest.init(MybatisTest.java:35)
Caused by: org.apache.ibatis.builder.BuilderException: Error parsing SQL Mapper Configuration. Cause: org.apache.ibatis.datasource.DataSourceException: There was an error configuring JndiDataSourceTransactionPool. Cause: javax.naming.NoInitialContextException: Need to specify class name in environment or system property, or as an applet parameter, or in an application resource file:  java.naming.factory.initial
	at com.itheima.test.MybatisTest.init(MybatisTest.java:35)
Caused by: org.apache.ibatis.datasource.DataSourceException: There was an error configuring JndiDataSourceTransactionPool. Cause: javax.naming.NoInitialContextException: Need to specify class name in environment or system property, or as an applet parameter, or in an application resource file:  java.naming.factory.initial
	at com.itheima.test.MybatisTest.init(MybatisTest.java:35)
Caused by: javax.naming.NoInitialContextException: Need to specify class name in environment or system property, or as an applet parameter, or in an application resource file:  java.naming.factory.initial
	at com.itheima.test.MybatisTest.init(MybatisTest.java:35)
</error>
    <system-out><![CDATA[2020-01-09 15:10:19,411 465    [           main] DEBUG rg.apache.ibatis.io.DefaultVFS  - Find JAR URL: file:/D:/Intellij_IDEA/start_mybatis/day03_eesy_05JNDI/target/classes/com/itheima/domain
2020-01-09 15:10:19,411 465    [           main] DEBUG rg.apache.ibatis.io.DefaultVFS  - Not a JAR: file:/D:/Intellij_IDEA/start_mybatis/day03_eesy_05JNDI/target/classes/com/itheima/domain
2020-01-09 15:10:19,413 467    [           main] DEBUG rg.apache.ibatis.io.DefaultVFS  - Reader entry: QueryVo.class
2020-01-09 15:10:19,415 469    [           main] DEBUG rg.apache.ibatis.io.DefaultVFS  - Reader entry: User.class
2020-01-09 15:10:19,415 469    [           main] DEBUG rg.apache.ibatis.io.DefaultVFS  - Listing file:/D:/Intellij_IDEA/start_mybatis/day03_eesy_05JNDI/target/classes/com/itheima/domain
2020-01-09 15:10:19,416 470    [           main] DEBUG rg.apache.ibatis.io.DefaultVFS  - Find JAR URL: file:/D:/Intellij_IDEA/start_mybatis/day03_eesy_05JNDI/target/classes/com/itheima/domain/QueryVo.class
2020-01-09 15:10:19,417 471    [           main] DEBUG rg.apache.ibatis.io.DefaultVFS  - Not a JAR: file:/D:/Intellij_IDEA/start_mybatis/day03_eesy_05JNDI/target/classes/com/itheima/domain/QueryVo.class
2020-01-09 15:10:19,419 473    [           main] DEBUG rg.apache.ibatis.io.DefaultVFS  - Reader entry: 漱壕&amp#0;&amp#0;&amp#0;3&amp#0;&amp#24;
2020-01-09 15:10:19,419 473    [           main] DEBUG rg.apache.ibatis.io.DefaultVFS  - Find JAR URL: file:/D:/Intellij_IDEA/start_mybatis/day03_eesy_05JNDI/target/classes/com/itheima/domain/User.class
2020-01-09 15:10:19,420 474    [           main] DEBUG rg.apache.ibatis.io.DefaultVFS  - Not a JAR: file:/D:/Intellij_IDEA/start_mybatis/day03_eesy_05JNDI/target/classes/com/itheima/domain/User.class
2020-01-09 15:10:19,423 477    [           main] DEBUG rg.apache.ibatis.io.DefaultVFS  - Reader entry: 漱壕&amp#0;&amp#0;&amp#0;3&amp#0;N
2020-01-09 15:10:19,423 477    [           main] DEBUG .apache.ibatis.io.ResolverUtil  - Checking to see if class com.itheima.domain.QueryVo matches criteria [is assignable to Object]
2020-01-09 15:10:19,425 479    [           main] DEBUG .apache.ibatis.io.ResolverUtil  - Checking to see if class com.itheima.domain.User matches criteria [is assignable to Object]
]]></system-out>
  </testcase>
  <testcase name="testFindByVo" classname="com.itheima.test.MybatisTest" time="0.044">
    <error type="java.lang.NullPointerException">java.lang.NullPointerException
	at com.itheima.test.MybatisTest.destroy(MybatisTest.java:47)
</error>
  </testcase>
  <testcase name="testDelete" classname="com.itheima.test.MybatisTest" time="0.038">
    <error message="&#10;### Error building SqlSession.&#10;### The error may exist in SQL Mapper Configuration&#10;### Cause: org.apache.ibatis.builder.BuilderException: Error parsing SQL Mapper Configuration. Cause: org.apache.ibatis.datasource.DataSourceException: There was an error configuring JndiDataSourceTransactionPool. Cause: javax.naming.NoInitialContextException: Need to specify class name in environment or system property, or as an applet parameter, or in an application resource file:  java.naming.factory.initial" type="org.apache.ibatis.exceptions.PersistenceException">org.apache.ibatis.exceptions.PersistenceException: 

### Error building SqlSession.
### The error may exist in SQL Mapper Configuration
### Cause: org.apache.ibatis.builder.BuilderException: Error parsing SQL Mapper Configuration. Cause: org.apache.ibatis.datasource.DataSourceException: There was an error configuring JndiDataSourceTransactionPool. Cause: javax.naming.NoInitialContextException: Need to specify class name in environment or system property, or as an applet parameter, or in an application resource file:  java.naming.factory.initial
	at com.itheima.test.MybatisTest.init(MybatisTest.java:35)
Caused by: org.apache.ibatis.builder.BuilderException: Error parsing SQL Mapper Configuration. Cause: org.apache.ibatis.datasource.DataSourceException: There was an error configuring JndiDataSourceTransactionPool. Cause: javax.naming.NoInitialContextException: Need to specify class name in environment or system property, or as an applet parameter, or in an application resource file:  java.naming.factory.initial
	at com.itheima.test.MybatisTest.init(MybatisTest.java:35)
Caused by: org.apache.ibatis.datasource.DataSourceException: There was an error configuring JndiDataSourceTransactionPool. Cause: javax.naming.NoInitialContextException: Need to specify class name in environment or system property, or as an applet parameter, or in an application resource file:  java.naming.factory.initial
	at com.itheima.test.MybatisTest.init(MybatisTest.java:35)
Caused by: javax.naming.NoInitialContextException: Need to specify class name in environment or system property, or as an applet parameter, or in an application resource file:  java.naming.factory.initial
	at com.itheima.test.MybatisTest.init(MybatisTest.java:35)
</error>
    <system-out><![CDATA[2020-01-09 15:10:19,454 508    [           main] DEBUG rg.apache.ibatis.io.DefaultVFS  - Find JAR URL: file:/D:/Intellij_IDEA/start_mybatis/day03_eesy_05JNDI/target/classes/com/itheima/domain
2020-01-09 15:10:19,454 508    [           main] DEBUG rg.apache.ibatis.io.DefaultVFS  - Not a JAR: file:/D:/Intellij_IDEA/start_mybatis/day03_eesy_05JNDI/target/classes/com/itheima/domain
2020-01-09 15:10:19,455 509    [           main] DEBUG rg.apache.ibatis.io.DefaultVFS  - Reader entry: QueryVo.class
2020-01-09 15:10:19,456 510    [           main] DEBUG rg.apache.ibatis.io.DefaultVFS  - Reader entry: User.class
2020-01-09 15:10:19,457 511    [           main] DEBUG rg.apache.ibatis.io.DefaultVFS  - Listing file:/D:/Intellij_IDEA/start_mybatis/day03_eesy_05JNDI/target/classes/com/itheima/domain
2020-01-09 15:10:19,457 511    [           main] DEBUG rg.apache.ibatis.io.DefaultVFS  - Find JAR URL: file:/D:/Intellij_IDEA/start_mybatis/day03_eesy_05JNDI/target/classes/com/itheima/domain/QueryVo.class
2020-01-09 15:10:19,458 512    [           main] DEBUG rg.apache.ibatis.io.DefaultVFS  - Not a JAR: file:/D:/Intellij_IDEA/start_mybatis/day03_eesy_05JNDI/target/classes/com/itheima/domain/QueryVo.class
2020-01-09 15:10:19,460 514    [           main] DEBUG rg.apache.ibatis.io.DefaultVFS  - Reader entry: 漱壕&amp#0;&amp#0;&amp#0;3&amp#0;&amp#24;
2020-01-09 15:10:19,461 515    [           main] DEBUG rg.apache.ibatis.io.DefaultVFS  - Find JAR URL: file:/D:/Intellij_IDEA/start_mybatis/day03_eesy_05JNDI/target/classes/com/itheima/domain/User.class
2020-01-09 15:10:19,461 515    [           main] DEBUG rg.apache.ibatis.io.DefaultVFS  - Not a JAR: file:/D:/Intellij_IDEA/start_mybatis/day03_eesy_05JNDI/target/classes/com/itheima/domain/User.class
2020-01-09 15:10:19,463 517    [           main] DEBUG rg.apache.ibatis.io.DefaultVFS  - Reader entry: 漱壕&amp#0;&amp#0;&amp#0;3&amp#0;N
2020-01-09 15:10:19,463 517    [           main] DEBUG .apache.ibatis.io.ResolverUtil  - Checking to see if class com.itheima.domain.QueryVo matches criteria [is assignable to Object]
2020-01-09 15:10:19,464 518    [           main] DEBUG .apache.ibatis.io.ResolverUtil  - Checking to see if class com.itheima.domain.User matches criteria [is assignable to Object]
]]></system-out>
  </testcase>
  <testcase name="testDelete" classname="com.itheima.test.MybatisTest" time="0.038">
    <error type="java.lang.NullPointerException">java.lang.NullPointerException
	at com.itheima.test.MybatisTest.destroy(MybatisTest.java:47)
</error>
  </testcase>
  <testcase name="testFindOne" classname="com.itheima.test.MybatisTest" time="0.051">
    <error message="&#10;### Error building SqlSession.&#10;### The error may exist in SQL Mapper Configuration&#10;### Cause: org.apache.ibatis.builder.BuilderException: Error parsing SQL Mapper Configuration. Cause: org.apache.ibatis.datasource.DataSourceException: There was an error configuring JndiDataSourceTransactionPool. Cause: javax.naming.NoInitialContextException: Need to specify class name in environment or system property, or as an applet parameter, or in an application resource file:  java.naming.factory.initial" type="org.apache.ibatis.exceptions.PersistenceException">org.apache.ibatis.exceptions.PersistenceException: 

### Error building SqlSession.
### The error may exist in SQL Mapper Configuration
### Cause: org.apache.ibatis.builder.BuilderException: Error parsing SQL Mapper Configuration. Cause: org.apache.ibatis.datasource.DataSourceException: There was an error configuring JndiDataSourceTransactionPool. Cause: javax.naming.NoInitialContextException: Need to specify class name in environment or system property, or as an applet parameter, or in an application resource file:  java.naming.factory.initial
	at com.itheima.test.MybatisTest.init(MybatisTest.java:35)
Caused by: org.apache.ibatis.builder.BuilderException: Error parsing SQL Mapper Configuration. Cause: org.apache.ibatis.datasource.DataSourceException: There was an error configuring JndiDataSourceTransactionPool. Cause: javax.naming.NoInitialContextException: Need to specify class name in environment or system property, or as an applet parameter, or in an application resource file:  java.naming.factory.initial
	at com.itheima.test.MybatisTest.init(MybatisTest.java:35)
Caused by: org.apache.ibatis.datasource.DataSourceException: There was an error configuring JndiDataSourceTransactionPool. Cause: javax.naming.NoInitialContextException: Need to specify class name in environment or system property, or as an applet parameter, or in an application resource file:  java.naming.factory.initial
	at com.itheima.test.MybatisTest.init(MybatisTest.java:35)
Caused by: javax.naming.NoInitialContextException: Need to specify class name in environment or system property, or as an applet parameter, or in an application resource file:  java.naming.factory.initial
	at com.itheima.test.MybatisTest.init(MybatisTest.java:35)
</error>
    <system-out><![CDATA[2020-01-09 15:10:19,506 560    [           main] DEBUG rg.apache.ibatis.io.DefaultVFS  - Find JAR URL: file:/D:/Intellij_IDEA/start_mybatis/day03_eesy_05JNDI/target/classes/com/itheima/domain
2020-01-09 15:10:19,507 561    [           main] DEBUG rg.apache.ibatis.io.DefaultVFS  - Not a JAR: file:/D:/Intellij_IDEA/start_mybatis/day03_eesy_05JNDI/target/classes/com/itheima/domain
2020-01-09 15:10:19,508 562    [           main] DEBUG rg.apache.ibatis.io.DefaultVFS  - Reader entry: QueryVo.class
2020-01-09 15:10:19,509 563    [           main] DEBUG rg.apache.ibatis.io.DefaultVFS  - Reader entry: User.class
2020-01-09 15:10:19,509 563    [           main] DEBUG rg.apache.ibatis.io.DefaultVFS  - Listing file:/D:/Intellij_IDEA/start_mybatis/day03_eesy_05JNDI/target/classes/com/itheima/domain
2020-01-09 15:10:19,510 564    [           main] DEBUG rg.apache.ibatis.io.DefaultVFS  - Find JAR URL: file:/D:/Intellij_IDEA/start_mybatis/day03_eesy_05JNDI/target/classes/com/itheima/domain/QueryVo.class
2020-01-09 15:10:19,510 564    [           main] DEBUG rg.apache.ibatis.io.DefaultVFS  - Not a JAR: file:/D:/Intellij_IDEA/start_mybatis/day03_eesy_05JNDI/target/classes/com/itheima/domain/QueryVo.class
2020-01-09 15:10:19,512 566    [           main] DEBUG rg.apache.ibatis.io.DefaultVFS  - Reader entry: 漱壕&amp#0;&amp#0;&amp#0;3&amp#0;&amp#24;
2020-01-09 15:10:19,512 566    [           main] DEBUG rg.apache.ibatis.io.DefaultVFS  - Find JAR URL: file:/D:/Intellij_IDEA/start_mybatis/day03_eesy_05JNDI/target/classes/com/itheima/domain/User.class
2020-01-09 15:10:19,513 567    [           main] DEBUG rg.apache.ibatis.io.DefaultVFS  - Not a JAR: file:/D:/Intellij_IDEA/start_mybatis/day03_eesy_05JNDI/target/classes/com/itheima/domain/User.class
2020-01-09 15:10:19,514 568    [           main] DEBUG rg.apache.ibatis.io.DefaultVFS  - Reader entry: 漱壕&amp#0;&amp#0;&amp#0;3&amp#0;N
2020-01-09 15:10:19,515 569    [           main] DEBUG .apache.ibatis.io.ResolverUtil  - Checking to see if class com.itheima.domain.QueryVo matches criteria [is assignable to Object]
2020-01-09 15:10:19,515 569    [           main] DEBUG .apache.ibatis.io.ResolverUtil  - Checking to see if class com.itheima.domain.User matches criteria [is assignable to Object]
]]></system-out>
  </testcase>
  <testcase name="testFindOne" classname="com.itheima.test.MybatisTest" time="0.052">
    <error type="java.lang.NullPointerException">java.lang.NullPointerException
	at com.itheima.test.MybatisTest.destroy(MybatisTest.java:47)
</error>
  </testcase>
  <testcase name="testFindByName" classname="com.itheima.test.MybatisTest" time="0.033">
    <error message="&#10;### Error building SqlSession.&#10;### The error may exist in SQL Mapper Configuration&#10;### Cause: org.apache.ibatis.builder.BuilderException: Error parsing SQL Mapper Configuration. Cause: org.apache.ibatis.datasource.DataSourceException: There was an error configuring JndiDataSourceTransactionPool. Cause: javax.naming.NoInitialContextException: Need to specify class name in environment or system property, or as an applet parameter, or in an application resource file:  java.naming.factory.initial" type="org.apache.ibatis.exceptions.PersistenceException">org.apache.ibatis.exceptions.PersistenceException: 

### Error building SqlSession.
### The error may exist in SQL Mapper Configuration
### Cause: org.apache.ibatis.builder.BuilderException: Error parsing SQL Mapper Configuration. Cause: org.apache.ibatis.datasource.DataSourceException: There was an error configuring JndiDataSourceTransactionPool. Cause: javax.naming.NoInitialContextException: Need to specify class name in environment or system property, or as an applet parameter, or in an application resource file:  java.naming.factory.initial
	at com.itheima.test.MybatisTest.init(MybatisTest.java:35)
Caused by: org.apache.ibatis.builder.BuilderException: Error parsing SQL Mapper Configuration. Cause: org.apache.ibatis.datasource.DataSourceException: There was an error configuring JndiDataSourceTransactionPool. Cause: javax.naming.NoInitialContextException: Need to specify class name in environment or system property, or as an applet parameter, or in an application resource file:  java.naming.factory.initial
	at com.itheima.test.MybatisTest.init(MybatisTest.java:35)
Caused by: org.apache.ibatis.datasource.DataSourceException: There was an error configuring JndiDataSourceTransactionPool. Cause: javax.naming.NoInitialContextException: Need to specify class name in environment or system property, or as an applet parameter, or in an application resource file:  java.naming.factory.initial
	at com.itheima.test.MybatisTest.init(MybatisTest.java:35)
Caused by: javax.naming.NoInitialContextException: Need to specify class name in environment or system property, or as an applet parameter, or in an application resource file:  java.naming.factory.initial
	at com.itheima.test.MybatisTest.init(MybatisTest.java:35)
</error>
    <system-out><![CDATA[2020-01-09 15:10:19,541 595    [           main] DEBUG rg.apache.ibatis.io.DefaultVFS  - Find JAR URL: file:/D:/Intellij_IDEA/start_mybatis/day03_eesy_05JNDI/target/classes/com/itheima/domain
2020-01-09 15:10:19,542 596    [           main] DEBUG rg.apache.ibatis.io.DefaultVFS  - Not a JAR: file:/D:/Intellij_IDEA/start_mybatis/day03_eesy_05JNDI/target/classes/com/itheima/domain
2020-01-09 15:10:19,543 597    [           main] DEBUG rg.apache.ibatis.io.DefaultVFS  - Reader entry: QueryVo.class
2020-01-09 15:10:19,544 598    [           main] DEBUG rg.apache.ibatis.io.DefaultVFS  - Reader entry: User.class
2020-01-09 15:10:19,544 598    [           main] DEBUG rg.apache.ibatis.io.DefaultVFS  - Listing file:/D:/Intellij_IDEA/start_mybatis/day03_eesy_05JNDI/target/classes/com/itheima/domain
2020-01-09 15:10:19,545 599    [           main] DEBUG rg.apache.ibatis.io.DefaultVFS  - Find JAR URL: file:/D:/Intellij_IDEA/start_mybatis/day03_eesy_05JNDI/target/classes/com/itheima/domain/QueryVo.class
2020-01-09 15:10:19,545 599    [           main] DEBUG rg.apache.ibatis.io.DefaultVFS  - Not a JAR: file:/D:/Intellij_IDEA/start_mybatis/day03_eesy_05JNDI/target/classes/com/itheima/domain/QueryVo.class
2020-01-09 15:10:19,547 601    [           main] DEBUG rg.apache.ibatis.io.DefaultVFS  - Reader entry: 漱壕&amp#0;&amp#0;&amp#0;3&amp#0;&amp#24;
2020-01-09 15:10:19,547 601    [           main] DEBUG rg.apache.ibatis.io.DefaultVFS  - Find JAR URL: file:/D:/Intellij_IDEA/start_mybatis/day03_eesy_05JNDI/target/classes/com/itheima/domain/User.class
2020-01-09 15:10:19,548 602    [           main] DEBUG rg.apache.ibatis.io.DefaultVFS  - Not a JAR: file:/D:/Intellij_IDEA/start_mybatis/day03_eesy_05JNDI/target/classes/com/itheima/domain/User.class
2020-01-09 15:10:19,549 603    [           main] DEBUG rg.apache.ibatis.io.DefaultVFS  - Reader entry: 漱壕&amp#0;&amp#0;&amp#0;3&amp#0;N
2020-01-09 15:10:19,550 604    [           main] DEBUG .apache.ibatis.io.ResolverUtil  - Checking to see if class com.itheima.domain.QueryVo matches criteria [is assignable to Object]
2020-01-09 15:10:19,550 604    [           main] DEBUG .apache.ibatis.io.ResolverUtil  - Checking to see if class com.itheima.domain.User matches criteria [is assignable to Object]
]]></system-out>
  </testcase>
  <testcase name="testFindByName" classname="com.itheima.test.MybatisTest" time="0.033">
    <error type="java.lang.NullPointerException">java.lang.NullPointerException
	at com.itheima.test.MybatisTest.destroy(MybatisTest.java:47)
</error>
  </testcase>
  <testcase name="testSave" classname="com.itheima.test.MybatisTest" time="0.038">
    <error message="&#10;### Error building SqlSession.&#10;### The error may exist in SQL Mapper Configuration&#10;### Cause: org.apache.ibatis.builder.BuilderException: Error parsing SQL Mapper Configuration. Cause: org.apache.ibatis.datasource.DataSourceException: There was an error configuring JndiDataSourceTransactionPool. Cause: javax.naming.NoInitialContextException: Need to specify class name in environment or system property, or as an applet parameter, or in an application resource file:  java.naming.factory.initial" type="org.apache.ibatis.exceptions.PersistenceException">org.apache.ibatis.exceptions.PersistenceException: 

### Error building SqlSession.
### The error may exist in SQL Mapper Configuration
### Cause: org.apache.ibatis.builder.BuilderException: Error parsing SQL Mapper Configuration. Cause: org.apache.ibatis.datasource.DataSourceException: There was an error configuring JndiDataSourceTransactionPool. Cause: javax.naming.NoInitialContextException: Need to specify class name in environment or system property, or as an applet parameter, or in an application resource file:  java.naming.factory.initial
	at com.itheima.test.MybatisTest.init(MybatisTest.java:35)
Caused by: org.apache.ibatis.builder.BuilderException: Error parsing SQL Mapper Configuration. Cause: org.apache.ibatis.datasource.DataSourceException: There was an error configuring JndiDataSourceTransactionPool. Cause: javax.naming.NoInitialContextException: Need to specify class name in environment or system property, or as an applet parameter, or in an application resource file:  java.naming.factory.initial
	at com.itheima.test.MybatisTest.init(MybatisTest.java:35)
Caused by: org.apache.ibatis.datasource.DataSourceException: There was an error configuring JndiDataSourceTransactionPool. Cause: javax.naming.NoInitialContextException: Need to specify class name in environment or system property, or as an applet parameter, or in an application resource file:  java.naming.factory.initial
	at com.itheima.test.MybatisTest.init(MybatisTest.java:35)
Caused by: javax.naming.NoInitialContextException: Need to specify class name in environment or system property, or as an applet parameter, or in an application resource file:  java.naming.factory.initial
	at com.itheima.test.MybatisTest.init(MybatisTest.java:35)
</error>
    <system-out><![CDATA[2020-01-09 15:10:19,575 629    [           main] DEBUG rg.apache.ibatis.io.DefaultVFS  - Find JAR URL: file:/D:/Intellij_IDEA/start_mybatis/day03_eesy_05JNDI/target/classes/com/itheima/domain
2020-01-09 15:10:19,575 629    [           main] DEBUG rg.apache.ibatis.io.DefaultVFS  - Not a JAR: file:/D:/Intellij_IDEA/start_mybatis/day03_eesy_05JNDI/target/classes/com/itheima/domain
2020-01-09 15:10:19,577 631    [           main] DEBUG rg.apache.ibatis.io.DefaultVFS  - Reader entry: QueryVo.class
2020-01-09 15:10:19,578 632    [           main] DEBUG rg.apache.ibatis.io.DefaultVFS  - Reader entry: User.class
2020-01-09 15:10:19,579 633    [           main] DEBUG rg.apache.ibatis.io.DefaultVFS  - Listing file:/D:/Intellij_IDEA/start_mybatis/day03_eesy_05JNDI/target/classes/com/itheima/domain
2020-01-09 15:10:19,580 634    [           main] DEBUG rg.apache.ibatis.io.DefaultVFS  - Find JAR URL: file:/D:/Intellij_IDEA/start_mybatis/day03_eesy_05JNDI/target/classes/com/itheima/domain/QueryVo.class
2020-01-09 15:10:19,581 635    [           main] DEBUG rg.apache.ibatis.io.DefaultVFS  - Not a JAR: file:/D:/Intellij_IDEA/start_mybatis/day03_eesy_05JNDI/target/classes/com/itheima/domain/QueryVo.class
2020-01-09 15:10:19,582 636    [           main] DEBUG rg.apache.ibatis.io.DefaultVFS  - Reader entry: 漱壕&amp#0;&amp#0;&amp#0;3&amp#0;&amp#24;
2020-01-09 15:10:19,582 636    [           main] DEBUG rg.apache.ibatis.io.DefaultVFS  - Find JAR URL: file:/D:/Intellij_IDEA/start_mybatis/day03_eesy_05JNDI/target/classes/com/itheima/domain/User.class
2020-01-09 15:10:19,583 637    [           main] DEBUG rg.apache.ibatis.io.DefaultVFS  - Not a JAR: file:/D:/Intellij_IDEA/start_mybatis/day03_eesy_05JNDI/target/classes/com/itheima/domain/User.class
2020-01-09 15:10:19,584 638    [           main] DEBUG rg.apache.ibatis.io.DefaultVFS  - Reader entry: 漱壕&amp#0;&amp#0;&amp#0;3&amp#0;N
2020-01-09 15:10:19,585 639    [           main] DEBUG .apache.ibatis.io.ResolverUtil  - Checking to see if class com.itheima.domain.QueryVo matches criteria [is assignable to Object]
2020-01-09 15:10:19,587 641    [           main] DEBUG .apache.ibatis.io.ResolverUtil  - Checking to see if class com.itheima.domain.User matches criteria [is assignable to Object]
]]></system-out>
  </testcase>
  <testcase name="testSave" classname="com.itheima.test.MybatisTest" time="0.038">
    <error type="java.lang.NullPointerException">java.lang.NullPointerException
	at com.itheima.test.MybatisTest.destroy(MybatisTest.java:47)
</error>
  </testcase>
  <testcase name="testFindAll" classname="com.itheima.test.MybatisTest" time="0.032">
    <error message="&#10;### Error building SqlSession.&#10;### The error may exist in SQL Mapper Configuration&#10;### Cause: org.apache.ibatis.builder.BuilderException: Error parsing SQL Mapper Configuration. Cause: org.apache.ibatis.datasource.DataSourceException: There was an error configuring JndiDataSourceTransactionPool. Cause: javax.naming.NoInitialContextException: Need to specify class name in environment or system property, or as an applet parameter, or in an application resource file:  java.naming.factory.initial" type="org.apache.ibatis.exceptions.PersistenceException">org.apache.ibatis.exceptions.PersistenceException: 

### Error building SqlSession.
### The error may exist in SQL Mapper Configuration
### Cause: org.apache.ibatis.builder.BuilderException: Error parsing SQL Mapper Configuration. Cause: org.apache.ibatis.datasource.DataSourceException: There was an error configuring JndiDataSourceTransactionPool. Cause: javax.naming.NoInitialContextException: Need to specify class name in environment or system property, or as an applet parameter, or in an application resource file:  java.naming.factory.initial
	at com.itheima.test.MybatisTest.init(MybatisTest.java:35)
Caused by: org.apache.ibatis.builder.BuilderException: Error parsing SQL Mapper Configuration. Cause: org.apache.ibatis.datasource.DataSourceException: There was an error configuring JndiDataSourceTransactionPool. Cause: javax.naming.NoInitialContextException: Need to specify class name in environment or system property, or as an applet parameter, or in an application resource file:  java.naming.factory.initial
	at com.itheima.test.MybatisTest.init(MybatisTest.java:35)
Caused by: org.apache.ibatis.datasource.DataSourceException: There was an error configuring JndiDataSourceTransactionPool. Cause: javax.naming.NoInitialContextException: Need to specify class name in environment or system property, or as an applet parameter, or in an application resource file:  java.naming.factory.initial
	at com.itheima.test.MybatisTest.init(MybatisTest.java:35)
Caused by: javax.naming.NoInitialContextException: Need to specify class name in environment or system property, or as an applet parameter, or in an application resource file:  java.naming.factory.initial
	at com.itheima.test.MybatisTest.init(MybatisTest.java:35)
</error>
    <system-out><![CDATA[2020-01-09 15:10:19,614 668    [           main] DEBUG rg.apache.ibatis.io.DefaultVFS  - Find JAR URL: file:/D:/Intellij_IDEA/start_mybatis/day03_eesy_05JNDI/target/classes/com/itheima/domain
2020-01-09 15:10:19,614 668    [           main] DEBUG rg.apache.ibatis.io.DefaultVFS  - Not a JAR: file:/D:/Intellij_IDEA/start_mybatis/day03_eesy_05JNDI/target/classes/com/itheima/domain
2020-01-09 15:10:19,616 670    [           main] DEBUG rg.apache.ibatis.io.DefaultVFS  - Reader entry: QueryVo.class
2020-01-09 15:10:19,616 670    [           main] DEBUG rg.apache.ibatis.io.DefaultVFS  - Reader entry: User.class
2020-01-09 15:10:19,617 671    [           main] DEBUG rg.apache.ibatis.io.DefaultVFS  - Listing file:/D:/Intellij_IDEA/start_mybatis/day03_eesy_05JNDI/target/classes/com/itheima/domain
2020-01-09 15:10:19,617 671    [           main] DEBUG rg.apache.ibatis.io.DefaultVFS  - Find JAR URL: file:/D:/Intellij_IDEA/start_mybatis/day03_eesy_05JNDI/target/classes/com/itheima/domain/QueryVo.class
2020-01-09 15:10:19,617 671    [           main] DEBUG rg.apache.ibatis.io.DefaultVFS  - Not a JAR: file:/D:/Intellij_IDEA/start_mybatis/day03_eesy_05JNDI/target/classes/com/itheima/domain/QueryVo.class
2020-01-09 15:10:19,619 673    [           main] DEBUG rg.apache.ibatis.io.DefaultVFS  - Reader entry: 漱壕&amp#0;&amp#0;&amp#0;3&amp#0;&amp#24;
2020-01-09 15:10:19,619 673    [           main] DEBUG rg.apache.ibatis.io.DefaultVFS  - Find JAR URL: file:/D:/Intellij_IDEA/start_mybatis/day03_eesy_05JNDI/target/classes/com/itheima/domain/User.class
2020-01-09 15:10:19,619 673    [           main] DEBUG rg.apache.ibatis.io.DefaultVFS  - Not a JAR: file:/D:/Intellij_IDEA/start_mybatis/day03_eesy_05JNDI/target/classes/com/itheima/domain/User.class
2020-01-09 15:10:19,621 675    [           main] DEBUG rg.apache.ibatis.io.DefaultVFS  - Reader entry: 漱壕&amp#0;&amp#0;&amp#0;3&amp#0;N
2020-01-09 15:10:19,622 676    [           main] DEBUG .apache.ibatis.io.ResolverUtil  - Checking to see if class com.itheima.domain.QueryVo matches criteria [is assignable to Object]
2020-01-09 15:10:19,623 677    [           main] DEBUG .apache.ibatis.io.ResolverUtil  - Checking to see if class com.itheima.domain.User matches criteria [is assignable to Object]
]]></system-out>
  </testcase>
  <testcase name="testFindAll" classname="com.itheima.test.MybatisTest" time="0.032">
    <error type="java.lang.NullPointerException">java.lang.NullPointerException
	at com.itheima.test.MybatisTest.destroy(MybatisTest.java:47)
</error>
  </testcase>
</testsuite>